\BOOKMARK [0][-]{chapter.1}{\376\377\000I\000n\000t\000r\000o\000d\000u\000c\000i\000\363\000n}{}% 1
\BOOKMARK [1][-]{section.1.1}{\376\377\000C\000o\000n\000t\000e\000x\000t\000o\000\040\000y\000\040\000m\000o\000t\000i\000v\000a\000c\000i\000\363\000n}{chapter.1}% 2
\BOOKMARK [1][-]{section.1.2}{Objetivo\040del\040trabajo}{chapter.1}% 3
\BOOKMARK [2][-]{subsection.1.2.1}{\376\377\000D\000e\000s\000a\000r\000r\000o\000l\000l\000o\000\040\000d\000e\000\040\000u\000n\000a\000\040\000a\000p\000l\000i\000c\000a\000c\000i\000\363\000n\000\040\000O\000T\000T\000\040\000m\000u\000l\000t\000i\000p\000l\000a\000t\000a\000f\000o\000r\000m\000a\000\040\000y\000\040\000m\000u\000l\000t\000i\000c\000l\000i\000e\000n\000t\000e}{section.1.2}% 4
\BOOKMARK [2][-]{subsection.1.2.2}{\376\377\000D\000e\000s\000a\000r\000r\000o\000l\000l\000o\000\040\000e\000\040\000i\000n\000t\000e\000g\000r\000a\000c\000i\000\363\000n\000\040\000d\000e\000\040\000u\000n\000a\000\040\000a\000p\000l\000i\000c\000a\000c\000i\000\363\000n\000\040\000p\000a\000r\000a\000\040\000l\000a\000\040\000r\000e\000c\000o\000g\000i\000d\000a\000\040\000y\000\040\000v\000i\000s\000u\000a\000l\000i\000z\000a\000c\000i\000\363\000n\000\040\000d\000e\000\040\000d\000a\000t\000o\000s\000\040\000d\000e\000\040\000u\000s\000o}{section.1.2}% 5
\BOOKMARK [0][-]{chapter.2}{Fundamentos}{}% 6
\BOOKMARK [1][-]{section.2.1}{\376\377\000I\000n\000t\000r\000o\000d\000u\000c\000c\000i\000\363\000n}{chapter.2}% 7
\BOOKMARK [1][-]{section.2.2}{\376\377\000F\000u\000n\000d\000a\000m\000e\000n\000t\000o\000s\000\040\000t\000e\000\363\000r\000i\000c\000o\000s}{chapter.2}% 8
\BOOKMARK [2][-]{subsection.2.2.1}{OTT\(Over-the-Top\)}{section.2.2}% 9
\BOOKMARK [2][-]{subsection.2.2.2}{Arquitectura}{section.2.2}% 10
\BOOKMARK [2][-]{subsection.2.2.3}{Experiencia\040de\040usuario\040\(UX\)}{section.2.2}% 11
\BOOKMARK [2][-]{subsection.2.2.4}{Escalabilidad,\040adaptabilidad\040y\040multiplataforma}{section.2.2}% 12
\BOOKMARK [1][-]{section.2.3}{\376\377\000F\000u\000n\000d\000a\000m\000e\000n\000t\000o\000s\000\040\000t\000e\000c\000n\000o\000l\000\363\000g\000i\000c\000o\000s}{chapter.2}% 13
\BOOKMARK [2][-]{subsection.2.3.1}{\376\377\000A\000r\000q\000u\000i\000t\000e\000c\000t\000u\000r\000a\000\040\000S\000o\000f\000t\000w\000a\000r\000e\000:\000\040\000C\000o\000m\000u\000n\000i\000c\000a\000c\000i\000\363\000n\000\040\000e\000n\000t\000r\000e\000\040\000c\000o\000m\000p\000o\000n\000e\000n\000t\000e\000s\000\040\000y\000\040\000d\000e\000s\000a\000r\000r\000o\000l\000l\000o\000\040\000m\000u\000l\000t\000i\000c\000l\000i\000e\000n\000t\000e}{section.2.3}% 14
\BOOKMARK [2][-]{subsection.2.3.2}{\376\377\000T\000e\000c\000n\000o\000l\000o\000g\000\355\000a\000s\000\040\000W\000e\000b\000:\000\040\000J\000a\000v\000a\000S\000c\000r\000i\000p\000t\000,\000\040\000H\000T\000M\000L\000\040\000y\000\040\000C\000S\000S}{section.2.3}% 15
\BOOKMARK [2][-]{subsection.2.3.3}{Desarrollo\040multiplataforma}{section.2.3}% 16
\BOOKMARK [0][-]{chapter.3}{\376\377\000M\000e\000t\000o\000d\000o\000l\000o\000g\000\355\000a}{}% 17
\BOOKMARK [1][-]{section.3.1}{\376\377\000I\000n\000t\000r\000o\000d\000u\000c\000c\000i\000\363\000n}{chapter.3}% 18
\BOOKMARK [2][-]{subsection.3.1.1}{\376\377\000D\000i\000s\000e\000\361\000o\000\040\000d\000e\000l\000\040\000p\000r\000o\000y\000e\000c\000t\000o}{section.3.1}% 19
\BOOKMARK [1][-]{section.3.2}{\376\377\000M\000e\000t\000o\000d\000o\000l\000o\000g\000\355\000a\000\040\000d\000e\000\040\000D\000e\000s\000a\000r\000r\000o\000l\000l\000o}{chapter.3}% 20
\BOOKMARK [2][-]{subsection.3.2.1}{Implementacion\040progresiva\040e\040incremental}{section.3.2}% 21
\BOOKMARK [2][-]{subsection.3.2.2}{\376\377\000A\000d\000a\000p\000t\000a\000c\000i\000\363\000n\000\040\000c\000o\000n\000t\000i\000n\000u\000a\000\040\000y\000\040\000f\000l\000e\000x\000i\000b\000i\000l\000i\000d\000a\000d}{section.3.2}% 22
\BOOKMARK [2][-]{subsection.3.2.3}{\376\377\000R\000e\000u\000n\000i\000o\000n\000e\000s\000\040\000d\000e\000\040\000V\000a\000l\000i\000d\000a\000c\000i\000\363\000n\000\040\000y\000\040\000P\000l\000a\000n\000i\000f\000i\000c\000a\000c\000i\000\363\000n}{section.3.2}% 23
\BOOKMARK [2][-]{subsection.3.2.4}{\376\377\000V\000e\000n\000t\000a\000j\000a\000s\000\040\000d\000e\000\040\000l\000a\000\040\000m\000e\000t\000o\000d\000o\000l\000o\000g\000\355\000a\000\040\000\341\000g\000i\000l}{section.3.2}% 24
\BOOKMARK [1][-]{section.3.3}{\376\377\000D\000e\000s\000c\000r\000i\000p\000c\000i\000\363\000n\000\040\000d\000e\000\040\000l\000a\000s\000\040\000E\000t\000a\000p\000a\000s\000\040\000d\000e\000\040\000D\000e\000s\000a\000r\000r\000o\000l\000l\000o}{chapter.3}% 25
\BOOKMARK [2][-]{subsection.3.3.1}{\376\377\000F\000a\000s\000e\000\040\000d\000e\000\040\000A\000n\000\341\000l\000i\000s\000i\000s\000\040\000y\000\040\000P\000l\000a\000n\000i\000f\000i\000c\000a\000c\000i\000\363\000n}{section.3.3}% 26
\BOOKMARK [2][-]{subsection.3.3.2}{\376\377\000F\000a\000s\000e\000\040\000d\000e\000\040\000D\000i\000s\000e\000\361\000o}{section.3.3}% 27
\BOOKMARK [2][-]{subsection.3.3.3}{Fase\040de\040Desarrollo}{section.3.3}% 28
\BOOKMARK [2][-]{subsection.3.3.4}{Fase\040de\040Pruebas}{section.3.3}% 29
\BOOKMARK [2][-]{subsection.3.3.5}{Fase\040de\040Despliegue\040y\040Mantenimiento}{section.3.3}% 30
\BOOKMARK [0][-]{chapter.4}{\376\377\000C\000o\000n\000c\000l\000u\000s\000i\000\363\000n\000s}{}% 31
\BOOKMARK [0][-]{appendix.A}{Material\040adicional}{}% 32
\BOOKMARK [0][-]{appendix*.37}{\376\377\000B\000i\000b\000l\000i\000o\000g\000r\000a\000f\000\355\000a}{}% 33
